<?xml version="1.0" encoding="UTF-8"?>
<testng-results ignored="0" total="2" passed="2" failed="0" skipped="0">
  <reporter-output>
  </reporter-output>
  <suite started-at="2022-05-04T14:19:33 ADT" name="Suite" finished-at="2022-05-04T14:19:42 ADT" duration-ms="8581">
    <groups>
    </groups>
    <test started-at="2022-05-04T14:19:33 ADT" name="Test" finished-at="2022-05-04T14:19:42 ADT" duration-ms="8581">
      <class name="Absorb.absorbTest.testCases">
        <test-method is-config="true" signature="setup()[pri:0, instance:Absorb.absorbTest.testCases@31d7b7bf]" started-at="2022-05-04T14:19:33 ADT" name="setup" finished-at="2022-05-04T14:19:37 ADT" duration-ms="3927" status="PASS">
          <reporter-output>
          </reporter-output>
        </test-method> <!-- setup -->
        <test-method signature="navigate_to_careers()[pri:0, instance:Absorb.absorbTest.testCases@31d7b7bf]" started-at="2022-05-04T14:19:37 ADT" name="navigate_to_careers" finished-at="2022-05-04T14:19:40 ADT" duration-ms="2830" status="PASS">
          <reporter-output>
          </reporter-output>
        </test-method> <!-- navigate_to_careers -->
        <test-method signature="find_secondlast_job_opening()[pri:1, instance:Absorb.absorbTest.testCases@31d7b7bf]" started-at="2022-05-04T14:19:40 ADT" name="find_secondlast_job_opening" finished-at="2022-05-04T14:19:42 ADT" duration-ms="1671" status="PASS">
          <reporter-output>
          </reporter-output>
        </test-method> <!-- find_secondlast_job_opening -->
        <test-method is-config="true" signature="tearDown()[pri:0, instance:Absorb.absorbTest.testCases@31d7b7bf]" started-at="2022-05-04T14:19:42 ADT" name="tearDown" finished-at="2022-05-04T14:19:42 ADT" duration-ms="138" status="PASS">
          <reporter-output>
          </reporter-output>
        </test-method> <!-- tearDown -->
      </class> <!-- Absorb.absorbTest.testCases -->
    </test> <!-- Test -->
  </suite> <!-- Suite -->
</testng-results>
