<?xml version="1.0" encoding="UTF-8"?>
<testng-results ignored="0" total="2" passed="2" failed="0" skipped="0">
  <reporter-output>
  </reporter-output>
  <suite started-at="2022-05-04T14:07:38 ADT" name="Default suite" finished-at="2022-05-04T14:07:46 ADT" duration-ms="7992">
    <groups>
    </groups>
    <test started-at="2022-05-04T14:07:38 ADT" name="Default test" finished-at="2022-05-04T14:07:46 ADT" duration-ms="7992">
      <class name="Absorb.absorbTest.testCases">
        <test-method is-config="true" signature="setup()[pri:0, instance:Absorb.absorbTest.testCases@6392827e]" started-at="2022-05-04T14:07:38 ADT" name="setup" finished-at="2022-05-04T14:07:42 ADT" duration-ms="3925" status="PASS">
          <reporter-output>
          </reporter-output>
        </test-method> <!-- setup -->
        <test-method signature="navigate_to_careers()[pri:0, instance:Absorb.absorbTest.testCases@6392827e]" started-at="2022-05-04T14:07:42 ADT" name="navigate_to_careers" finished-at="2022-05-04T14:07:44 ADT" duration-ms="1936" status="PASS">
          <reporter-output>
          </reporter-output>
        </test-method> <!-- navigate_to_careers -->
        <test-method signature="find_secondlast_job_opening()[pri:1, instance:Absorb.absorbTest.testCases@6392827e]" started-at="2022-05-04T14:07:44 ADT" name="find_secondlast_job_opening" finished-at="2022-05-04T14:07:46 ADT" duration-ms="1964" status="PASS">
          <reporter-output>
          </reporter-output>
        </test-method> <!-- find_secondlast_job_opening -->
        <test-method is-config="true" signature="tearDown()[pri:0, instance:Absorb.absorbTest.testCases@6392827e]" started-at="2022-05-04T14:07:46 ADT" name="tearDown" finished-at="2022-05-04T14:07:46 ADT" duration-ms="141" status="PASS">
          <reporter-output>
          </reporter-output>
        </test-method> <!-- tearDown -->
      </class> <!-- Absorb.absorbTest.testCases -->
    </test> <!-- Default test -->
  </suite> <!-- Default suite -->
</testng-results>
